<?xml version="1.0" encoding="UTF-8"?>
<testsuite xmlns:xsi="http://www.w3.org/2001/XMLSchema-instance" xsi:noNamespaceSchemaLocation="https://maven.apache.org/surefire/maven-surefire-plugin/xsd/surefire-test-report.xsd" name="com.compute.service.ComputeServiceImplTest" time="0.025" tests="4" errors="0" skipped="0" failures="0">
  <properties>
[...]
</properties>
  <testcase name="getAverageAndStandardDeviationTest" classname="com.compute.service.ComputeServiceImplTest" time="0.021"/>
  <testcase name="getAverageAndStandardDeviationParallelTest" classname="com.compute.service.ComputeServiceImplTest" time="0.003"/>
  <testcase name="getAverageAndStandardDeviationForNegativesTest" classname="com.compute.service.ComputeServiceImplTest" time="0"/>
  <testcase name="getAverageAndStandardDeviationForDecimalsTest" classname="com.compute.service.ComputeServiceImplTest" time="0.001"/>
</testsuite>